  Źródło.cpp
D:\Metody Numeryczne\Aprox\Project1\Michał_Korzym_Aproksymacja\Project1\Źródło.cpp(39,16): warning C4244: "argument": konwersja z "double" do "unsigned int", możliwa utrata danych
D:\Metody Numeryczne\Aprox\Project1\Michał_Korzym_Aproksymacja\Project1\Źródło.cpp(39,38): warning C4244: "argument": konwersja z "double" do "unsigned int", możliwa utrata danych
D:\Metody Numeryczne\Aprox\Project1\Michał_Korzym_Aproksymacja\Project1\Źródło.cpp(58,16): warning C4244: "argument": konwersja z "double" do "unsigned int", możliwa utrata danych
D:\Metody Numeryczne\Aprox\Project1\Michał_Korzym_Aproksymacja\Project1\Źródło.cpp(78,32): warning C4244: "inicjowanie": konwersja z "double" do "size_t", możliwa utrata danych
D:\Metody Numeryczne\Aprox\Project1\Michał_Korzym_Aproksymacja\Project1\Źródło.cpp(96,20): warning C4018: "<": niezgodność typu ze znakiem/bez znaku
D:\Metody Numeryczne\Aprox\Project1\Michał_Korzym_Aproksymacja\Project1\Źródło.cpp(103,20): warning C4018: "<": niezgodność typu ze znakiem/bez znaku
D:\Metody Numeryczne\Aprox\Project1\Michał_Korzym_Aproksymacja\Project1\Źródło.cpp(105,21): warning C4018: "<": niezgodność typu ze znakiem/bez znaku
D:\Metody Numeryczne\Aprox\Project1\Michał_Korzym_Aproksymacja\Project1\Źródło.cpp(116,20): warning C4018: "<": niezgodność typu ze znakiem/bez znaku
D:\Metody Numeryczne\Aprox\Project1\Michał_Korzym_Aproksymacja\Project1\Źródło.cpp(121,21): warning C4018: "<": niezgodność typu ze znakiem/bez znaku
D:\Metody Numeryczne\Aprox\Project1\Michał_Korzym_Aproksymacja\Project1\Źródło.cpp(133,21): warning C4018: "<": niezgodność typu ze znakiem/bez znaku
D:\Metody Numeryczne\Aprox\Project1\Michał_Korzym_Aproksymacja\Project1\Źródło.cpp(164,20): warning C4018: "<": niezgodność typu ze znakiem/bez znaku
D:\Metody Numeryczne\Aprox\Project1\Michał_Korzym_Aproksymacja\Project1\Źródło.cpp(165,21): warning C4018: "<": niezgodność typu ze znakiem/bez znaku
D:\Metody Numeryczne\Aprox\Project1\Michał_Korzym_Aproksymacja\Project1\Źródło.cpp(173,20): warning C4018: "<": niezgodność typu ze znakiem/bez znaku
D:\Metody Numeryczne\Aprox\Project1\Michał_Korzym_Aproksymacja\Project1\Źródło.cpp(193,20): warning C4018: "<": niezgodność typu ze znakiem/bez znaku
D:\Metody Numeryczne\Aprox\Project1\Michał_Korzym_Aproksymacja\Project1\Źródło.cpp(218,25): warning C4018: "<": niezgodność typu ze znakiem/bez znaku
D:\Metody Numeryczne\Aprox\Project1\Michał_Korzym_Aproksymacja\Project1\Źródło.cpp(252,20): warning C4018: "<": niezgodność typu ze znakiem/bez znaku
D:\Metody Numeryczne\Aprox\Project1\Michał_Korzym_Aproksymacja\Project1\Źródło.cpp(254,20): warning C4018: "<": niezgodność typu ze znakiem/bez znaku
D:\Metody Numeryczne\Aprox\Project1\Michał_Korzym_Aproksymacja\Project1\Źródło.cpp(258,20): warning C4018: "<": niezgodność typu ze znakiem/bez znaku
D:\Metody Numeryczne\Aprox\Project1\Michał_Korzym_Aproksymacja\Project1\Źródło.cpp(263,20): warning C4018: "<": niezgodność typu ze znakiem/bez znaku
D:\Metody Numeryczne\Aprox\Project1\Michał_Korzym_Aproksymacja\Project1\Źródło.cpp(264,21): warning C4018: "<": niezgodność typu ze znakiem/bez znaku
D:\Metody Numeryczne\Aprox\Project1\Michał_Korzym_Aproksymacja\Project1\Źródło.cpp(289,32): warning C4244: "inicjowanie": konwersja z "double" do "size_t", możliwa utrata danych
D:\Metody Numeryczne\Aprox\Project1\Michał_Korzym_Aproksymacja\Project1\Źródło.cpp(298,32): warning C4244: "inicjowanie": konwersja z "double" do "size_t", możliwa utrata danych
D:\Metody Numeryczne\Aprox\Project1\Michał_Korzym_Aproksymacja\Project1\Źródło.cpp(311,32): warning C4244: "inicjowanie": konwersja z "double" do "size_t", możliwa utrata danych
D:\Metody Numeryczne\Aprox\Project1\Michał_Korzym_Aproksymacja\Project1\Źródło.cpp(326,20): warning C4018: "<": niezgodność typu ze znakiem/bez znaku
D:\Metody Numeryczne\Aprox\Project1\Michał_Korzym_Aproksymacja\Project1\Źródło.cpp(330,20): warning C4018: "<": niezgodność typu ze znakiem/bez znaku
D:\Metody Numeryczne\Aprox\Project1\Michał_Korzym_Aproksymacja\Project1\Źródło.cpp(331,21): warning C4018: "<": niezgodność typu ze znakiem/bez znaku
D:\Metody Numeryczne\Aprox\Project1\Michał_Korzym_Aproksymacja\Project1\Źródło.cpp(339,20): warning C4018: "<": niezgodność typu ze znakiem/bez znaku
D:\Metody Numeryczne\Aprox\Project1\Michał_Korzym_Aproksymacja\Project1\Źródło.cpp(344,21): warning C4018: "<": niezgodność typu ze znakiem/bez znaku
D:\Metody Numeryczne\Aprox\Project1\Michał_Korzym_Aproksymacja\Project1\Źródło.cpp(369,34): warning C4244: "inicjowanie": konwersja z "double" do "size_t", możliwa utrata danych
D:\Metody Numeryczne\Aprox\Project1\Michał_Korzym_Aproksymacja\Project1\Źródło.cpp(386,33): warning C4244: "inicjowanie": konwersja z "double" do "size_t", możliwa utrata danych
D:\Metody Numeryczne\Aprox\Project1\Michał_Korzym_Aproksymacja\Project1\Źródło.cpp(412,38): warning C4244: "inicjowanie": konwersja z "double" do "size_t", możliwa utrata danych
D:\Metody Numeryczne\Aprox\Project1\Michał_Korzym_Aproksymacja\Project1\Źródło.cpp(434,30): warning C4244: "inicjowanie": konwersja z "double" do "size_t", możliwa utrata danych
D:\Metody Numeryczne\Aprox\Project1\Michał_Korzym_Aproksymacja\Project1\Źródło.cpp(441,36): warning C4244: "inicjowanie": konwersja z "double" do "size_t", możliwa utrata danych
D:\Metody Numeryczne\Aprox\Project1\Michał_Korzym_Aproksymacja\Project1\Źródło.cpp(443,35): warning C4244: "inicjowanie": konwersja z "double" do "size_t", możliwa utrata danych
D:\Metody Numeryczne\Aprox\Project1\Michał_Korzym_Aproksymacja\Project1\Źródło.cpp(480,20): warning C4018: "<": niezgodność typu ze znakiem/bez znaku
D:\Metody Numeryczne\Aprox\Project1\Michał_Korzym_Aproksymacja\Project1\Źródło.cpp(497,20): warning C4018: "<": niezgodność typu ze znakiem/bez znaku
D:\Metody Numeryczne\Aprox\Project1\Michał_Korzym_Aproksymacja\Project1\Źródło.cpp(503,20): warning C4018: "<": niezgodność typu ze znakiem/bez znaku
D:\Metody Numeryczne\Aprox\Project1\Michał_Korzym_Aproksymacja\Project1\Źródło.cpp(506,20): warning C4018: "<": niezgodność typu ze znakiem/bez znaku
D:\Metody Numeryczne\Aprox\Project1\Michał_Korzym_Aproksymacja\Project1\Źródło.cpp(514,20): warning C4018: "<": niezgodność typu ze znakiem/bez znaku
D:\Metody Numeryczne\Aprox\Project1\Michał_Korzym_Aproksymacja\Project1\Źródło.cpp(516,21): warning C4018: "<": niezgodność typu ze znakiem/bez znaku
D:\Metody Numeryczne\Aprox\Project1\Michał_Korzym_Aproksymacja\Project1\Źródło.cpp(524,20): warning C4018: "<": niezgodność typu ze znakiem/bez znaku
D:\Metody Numeryczne\Aprox\Project1\Michał_Korzym_Aproksymacja\Project1\Źródło.cpp(526,21): warning C4018: "<": niezgodność typu ze znakiem/bez znaku
D:\Metody Numeryczne\Aprox\Project1\Michał_Korzym_Aproksymacja\Project1\Źródło.cpp(532,20): warning C4018: "<": niezgodność typu ze znakiem/bez znaku
D:\Metody Numeryczne\Aprox\Project1\Michał_Korzym_Aproksymacja\Project1\Źródło.cpp(534,21): warning C4018: "<": niezgodność typu ze znakiem/bez znaku
D:\Metody Numeryczne\Aprox\Project1\Michał_Korzym_Aproksymacja\Project1\Źródło.cpp(541,20): warning C4018: "<": niezgodność typu ze znakiem/bez znaku
D:\Metody Numeryczne\Aprox\Project1\Michał_Korzym_Aproksymacja\Project1\Źródło.cpp(548,20): warning C4018: "<": niezgodność typu ze znakiem/bez znaku
D:\Metody Numeryczne\Aprox\Project1\Michał_Korzym_Aproksymacja\Project1\Źródło.cpp(550,21): warning C4018: "<": niezgodność typu ze znakiem/bez znaku
D:\Metody Numeryczne\Aprox\Project1\Michał_Korzym_Aproksymacja\Project1\Źródło.cpp(558,20): warning C4018: "<": niezgodność typu ze znakiem/bez znaku
D:\Metody Numeryczne\Aprox\Project1\Michał_Korzym_Aproksymacja\Project1\Źródło.cpp(566,20): warning C4018: "<": niezgodność typu ze znakiem/bez znaku
D:\Metody Numeryczne\Aprox\Project1\Michał_Korzym_Aproksymacja\Project1\Źródło.cpp(568,21): warning C4018: "<": niezgodność typu ze znakiem/bez znaku
D:\Metody Numeryczne\Aprox\Project1\Michał_Korzym_Aproksymacja\Project1\Źródło.cpp(577,20): warning C4018: "<": niezgodność typu ze znakiem/bez znaku
D:\Metody Numeryczne\Aprox\Project1\Michał_Korzym_Aproksymacja\Project1\Źródło.cpp(579,21): warning C4018: "<": niezgodność typu ze znakiem/bez znaku
D:\Metody Numeryczne\Aprox\Project1\Michał_Korzym_Aproksymacja\Project1\Źródło.cpp(586,20): warning C4018: "<": niezgodność typu ze znakiem/bez znaku
D:\Metody Numeryczne\Aprox\Project1\Michał_Korzym_Aproksymacja\Project1\Źródło.cpp(588,21): warning C4018: "<": niezgodność typu ze znakiem/bez znaku
D:\Metody Numeryczne\Aprox\Project1\Michał_Korzym_Aproksymacja\Project1\Źródło.cpp(595,20): warning C4018: "<": niezgodność typu ze znakiem/bez znaku
D:\Metody Numeryczne\Aprox\Project1\Michał_Korzym_Aproksymacja\Project1\Źródło.cpp(603,20): warning C4018: "<": niezgodność typu ze znakiem/bez znaku
D:\Metody Numeryczne\Aprox\Project1\Michał_Korzym_Aproksymacja\Project1\Źródło.cpp(605,21): warning C4018: "<": niezgodność typu ze znakiem/bez znaku
D:\Metody Numeryczne\Aprox\Project1\Michał_Korzym_Aproksymacja\Project1\Źródło.cpp(611,20): warning C4018: "<": niezgodność typu ze znakiem/bez znaku
  Project1.vcxproj -> D:\Metody Numeryczne\Aprox\Project1\Michał_Korzym_Aproksymacja\x64\Debug\Project1.exe
